<?xml version="1.0" encoding="UTF-8"?>
<!-- Generated by org.testng.reporters.JUnitReportReporter -->
<testsuite hostname="lapapotte" name="org.openrefine.wikidata.qa.WikidataConstraintFetcherTests" tests="6" failures="0" timestamp="13 Jun 2019 09:00:28 GMT" time="2.409" errors="0">
  <testcase name="testSingleValue" time="0.001" classname="org.openrefine.wikidata.qa.WikidataConstraintFetcherTests"/>
  <testcase name="testGetFormatConstraint" time="0.287" classname="org.openrefine.wikidata.qa.WikidataConstraintFetcherTests"/>
  <testcase name="testDistinctValues" time="0.567" classname="org.openrefine.wikidata.qa.WikidataConstraintFetcherTests"/>
  <testcase name="testAllowedQualifiers" time="1.293" classname="org.openrefine.wikidata.qa.WikidataConstraintFetcherTests"/>
  <testcase name="testMandatoryQualifiers" time="0.004" classname="org.openrefine.wikidata.qa.WikidataConstraintFetcherTests"/>
  <testcase name="testGetInverseConstraint" time="0.257" classname="org.openrefine.wikidata.qa.WikidataConstraintFetcherTests"/>
</testsuite> <!-- org.openrefine.wikidata.qa.WikidataConstraintFetcherTests -->
