<?xml version="1.0" encoding="UTF-8"?>
<!-- Generated by org.testng.reporters.JUnitReportReporter -->
<testsuite hostname="lapapotte" name="org.openrefine.wikidata.schema.WbStringConstantTest" tests="4" failures="0" timestamp="13 Jun 2019 09:00:28 GMT" time="0.023" errors="0">
  <testcase name="testSerialize" time="0.007" classname="org.openrefine.wikidata.schema.WbStringConstantTest"/>
  <testcase name="testTrim" time="0.006" classname="org.openrefine.wikidata.schema.WbStringConstantTest"/>
  <testcase name="testEmpty" time="0.005" classname="org.openrefine.wikidata.schema.WbStringConstantTest"/>
  <testcase name="testEvaluate" time="0.005" classname="org.openrefine.wikidata.schema.WbStringConstantTest"/>
</testsuite> <!-- org.openrefine.wikidata.schema.WbStringConstantTest -->
