<?xml version="1.0" encoding="UTF-8"?>
<!-- Generated by org.testng.reporters.JUnitReportReporter -->
<testsuite hostname="lapapotte" name="org.openrefine.wikidata.schema.WbLanguageConstantTest" tests="3" failures="0" timestamp="13 Jun 2019 09:00:28 GMT" time="0.014" errors="0">
  <testcase name="testSerialization" time="0.004" classname="org.openrefine.wikidata.schema.WbLanguageConstantTest"/>
  <testcase name="testEvaluation" time="0.004" classname="org.openrefine.wikidata.schema.WbLanguageConstantTest"/>
  <testcase name="testNormalizeLanguageCode" time="0.006" classname="org.openrefine.wikidata.schema.WbLanguageConstantTest"/>
</testsuite> <!-- org.openrefine.wikidata.schema.WbLanguageConstantTest -->
