<?xml version="1.0" encoding="UTF-8"?>
<!-- Generated by org.testng.reporters.JUnitReportReporter -->
<testsuite hostname="lapapotte" name="org.openrefine.wikidata.schema.WbDateConstantTest" tests="4" failures="0" timestamp="13 Jun 2019 09:00:28 GMT" time="0.022" errors="0">
  <testcase name="testSerialize" time="0.008" classname="org.openrefine.wikidata.schema.WbDateConstantTest"/>
  <testcase name="testPartlyValid" time="0.003" classname="org.openrefine.wikidata.schema.WbDateConstantTest"/>
  <testcase name="testInvalid" time="0.003" classname="org.openrefine.wikidata.schema.WbDateConstantTest"/>
  <testcase name="testEvaluate" time="0.008" classname="org.openrefine.wikidata.schema.WbDateConstantTest"/>
</testsuite> <!-- org.openrefine.wikidata.schema.WbDateConstantTest -->
