<?xml version="1.0" encoding="UTF-8"?>
<!-- Generated by org.testng.reporters.JUnitReportReporter -->
<testsuite hostname="lapapotte" name="org.openrefine.wikidata.editing.OptionalTermStatementUpdateTest" tests="1" failures="0" timestamp="12 Jun 2019 17:55:45 GMT" time="0.014" errors="0">
  <testcase name="testUpdateMissingLabelsAndDescriptions" time="0.014" classname="org.openrefine.wikidata.editing.OptionalTermStatementUpdateTest"/>
</testsuite> <!-- org.openrefine.wikidata.editing.OptionalTermStatementUpdateTest -->
