<?xml version="1.0" encoding="UTF-8"?>
<!-- Generated by org.testng.reporters.JUnitReportReporter -->
<testsuite hostname="lapapotte" name="org.openrefine.wikidata.schema.WbMonolingualExprTest" tests="6" failures="0" timestamp="13 Jun 2019 09:00:28 GMT" time="0.032" errors="0">
  <testcase name="testEvaluateVariable" time="0.007" classname="org.openrefine.wikidata.schema.WbMonolingualExprTest"/>
  <testcase name="testInvalidLanguageCode" time="0.006" classname="org.openrefine.wikidata.schema.WbMonolingualExprTest"/>
  <testcase name="testTrim" time="0.005" classname="org.openrefine.wikidata.schema.WbMonolingualExprTest"/>
  <testcase name="testEmptyText" time="0.004" classname="org.openrefine.wikidata.schema.WbMonolingualExprTest"/>
  <testcase name="testEmptyLanguageCode" time="0.005" classname="org.openrefine.wikidata.schema.WbMonolingualExprTest"/>
  <testcase name="testEvaluateConstant" time="0.005" classname="org.openrefine.wikidata.schema.WbMonolingualExprTest"/>
</testsuite> <!-- org.openrefine.wikidata.schema.WbMonolingualExprTest -->
