<?xml version="1.0" encoding="UTF-8"?>
<!-- Generated by org.testng.reporters.JUnitReportReporter -->
<testsuite hostname="lapapotte" name="org.openrefine.wikidata.qa.scrutinizers.WhitespaceScrutinizerTest" tests="5" failures="0" timestamp="13 Jun 2019 09:00:28 GMT" time="0.005" errors="0">
  <testcase name="testMultipleIssues" time="0.000" classname="org.openrefine.wikidata.qa.scrutinizers.WhitespaceScrutinizerTest"/>
  <testcase name="testNoIssue" time="0.001" classname="org.openrefine.wikidata.qa.scrutinizers.WhitespaceScrutinizerTest"/>
  <testcase name="testNonPrintableChars" time="0.002" classname="org.openrefine.wikidata.qa.scrutinizers.WhitespaceScrutinizerTest"/>
  <testcase name="testMonolingualTextValue" time="0.001" classname="org.openrefine.wikidata.qa.scrutinizers.WhitespaceScrutinizerTest"/>
  <testcase name="testDuplicateWhitespace" time="0.001" classname="org.openrefine.wikidata.qa.scrutinizers.WhitespaceScrutinizerTest"/>
</testsuite> <!-- org.openrefine.wikidata.qa.scrutinizers.WhitespaceScrutinizerTest -->
