<?xml version="1.0" encoding="UTF-8"?>
<!-- Generated by org.testng.reporters.JUnitReportReporter -->
<testsuite hostname="lapapotte" name="org.openrefine.wikidata.updates.scheduler.PointerExtractorTest" tests="5" failures="0" timestamp="13 Jun 2019 09:00:28 GMT" time="0.002" errors="0">
  <testcase name="testStatement" time="0.001" classname="org.openrefine.wikidata.updates.scheduler.PointerExtractorTest"/>
  <testcase name="testSnakGroup" time="0.000" classname="org.openrefine.wikidata.updates.scheduler.PointerExtractorTest"/>
  <testcase name="testSnak" time="0.000" classname="org.openrefine.wikidata.updates.scheduler.PointerExtractorTest"/>
  <testcase name="testExtractDatavalues" time="0.001" classname="org.openrefine.wikidata.updates.scheduler.PointerExtractorTest"/>
  <testcase name="testExtractEntityId" time="0.000" classname="org.openrefine.wikidata.updates.scheduler.PointerExtractorTest"/>
</testsuite> <!-- org.openrefine.wikidata.updates.scheduler.PointerExtractorTest -->
