<?xml version="1.0" encoding="UTF-8"?>
<!-- Generated by org.testng.reporters.JUnitReportReporter -->
<testsuite hostname="lapapotte" name="org.openrefine.wikidata.qa.scrutinizers.SingleValueScrutinizerTest" tests="2" failures="0" timestamp="13 Jun 2019 09:00:28 GMT" time="0.007" errors="0">
  <testcase name="testTrigger" time="0.002" classname="org.openrefine.wikidata.qa.scrutinizers.SingleValueScrutinizerTest"/>
  <testcase name="testNoIssue" time="0.005" classname="org.openrefine.wikidata.qa.scrutinizers.SingleValueScrutinizerTest"/>
</testsuite> <!-- org.openrefine.wikidata.qa.scrutinizers.SingleValueScrutinizerTest -->
