<?xml version="1.0" encoding="UTF-8"?>
<!-- Generated by org.testng.reporters.JUnitReportReporter -->
<testsuite hostname="lapapotte" name="org.openrefine.wikidata.schema.WbStatementExprTest" tests="8" failures="0" timestamp="13 Jun 2019 09:00:28 GMT" time="0.260" errors="0">
  <testcase name="testSerialize" time="0.100" classname="org.openrefine.wikidata.schema.WbStatementExprTest"/>
  <testcase name="testEvaluate" time="0.041" classname="org.openrefine.wikidata.schema.WbStatementExprTest"/>
  <testcase name="testEvaluateWithoutReference" time="0.008" classname="org.openrefine.wikidata.schema.WbStatementExprTest"/>
  <testcase name="testCreation" time="0.022" classname="org.openrefine.wikidata.schema.WbStatementExprTest"/>
  <testcase name="testEvaluateWithConstant" time="0.026" classname="org.openrefine.wikidata.schema.WbStatementExprTest"/>
  <testcase name="testEvaluateWithoutQualifierAndReference" time="0.037" classname="org.openrefine.wikidata.schema.WbStatementExprTest"/>
  <testcase name="testEvaluateWithoutQualifier" time="0.006" classname="org.openrefine.wikidata.schema.WbStatementExprTest"/>
  <testcase name="testSkip" time="0.020" classname="org.openrefine.wikidata.schema.WbStatementExprTest"/>
</testsuite> <!-- org.openrefine.wikidata.schema.WbStatementExprTest -->
