<?xml version="1.0" encoding="UTF-8"?>
<!-- Generated by org.testng.reporters.JUnitReportReporter -->
<testsuite hostname="lapapotte" name="org.openrefine.wikidata.schema.WbStringVariableTest" tests="7" failures="0" timestamp="13 Jun 2019 09:00:28 GMT" time="0.063" errors="0">
  <testcase name="testDoubleWhitespace" time="0.008" classname="org.openrefine.wikidata.schema.WbStringVariableTest"/>
  <testcase name="testDoubleInteger" time="0.006" classname="org.openrefine.wikidata.schema.WbStringVariableTest"/>
  <testcase name="testEmpty" time="0.004" classname="org.openrefine.wikidata.schema.WbStringVariableTest"/>
  <testcase name="testLeadingWhitespace" time="0.012" classname="org.openrefine.wikidata.schema.WbStringVariableTest"/>
  <testcase name="testTrailingWhitespace" time="0.014" classname="org.openrefine.wikidata.schema.WbStringVariableTest"/>
  <testcase name="testInteger" time="0.009" classname="org.openrefine.wikidata.schema.WbStringVariableTest"/>
  <testcase name="testSimpleString" time="0.010" classname="org.openrefine.wikidata.schema.WbStringVariableTest"/>
</testsuite> <!-- org.openrefine.wikidata.schema.WbStringVariableTest -->
