<?xml version="1.0" encoding="UTF-8"?>
<!-- Generated by org.testng.reporters.JUnitReportReporter -->
<testsuite hostname="lapapotte" name="org.openrefine.wikidata.exporters.QSValuePrinterTest" tests="12" failures="0" timestamp="13 Jun 2019 09:00:28 GMT" time="0.042" errors="0">
  <testcase name="printQuantityValueWithBounds" time="0.002" classname="org.openrefine.wikidata.exporters.QSValuePrinterTest"/>
  <testcase name="printNewItemId" time="0.009" classname="org.openrefine.wikidata.exporters.QSValuePrinterTest"/>
  <testcase name="printMonolingualTextValue" time="0.001" classname="org.openrefine.wikidata.exporters.QSValuePrinterTest"/>
  <testcase name="printItemId" time="0.001" classname="org.openrefine.wikidata.exporters.QSValuePrinterTest"/>
  <testcase name="printSimpleQuantityValue" time="0.000" classname="org.openrefine.wikidata.exporters.QSValuePrinterTest"/>
  <testcase name="printGlobeCoordinate" time="0.008" classname="org.openrefine.wikidata.exporters.QSValuePrinterTest"/>
  <testcase name="printPropertyId" time="0.001" classname="org.openrefine.wikidata.exporters.QSValuePrinterTest"/>
  <testcase name="printQuantityValueWithUnit" time="0.001" classname="org.openrefine.wikidata.exporters.QSValuePrinterTest"/>
  <testcase name="printYear" time="0.001" classname="org.openrefine.wikidata.exporters.QSValuePrinterTest"/>
  <testcase name="printString" time="0.013" classname="org.openrefine.wikidata.exporters.QSValuePrinterTest"/>
  <testcase name="printFullQuantity" time="0.003" classname="org.openrefine.wikidata.exporters.QSValuePrinterTest"/>
  <testcase name="printDay" time="0.002" classname="org.openrefine.wikidata.exporters.QSValuePrinterTest"/>
</testsuite> <!-- org.openrefine.wikidata.exporters.QSValuePrinterTest -->
