<?xml version="1.0" encoding="UTF-8"?>
<!-- Generated by org.testng.reporters.JUnitReportReporter -->
<testsuite hostname="lapapotte" name="org.openrefine.wikidata.commands.SaveWikibaseSchemaCommandTest" tests="3" failures="0" timestamp="13 Jun 2019 09:00:28 GMT" time="0.393" errors="0">
  <testcase name="testValidSchema" time="0.039" classname="org.openrefine.wikidata.commands.SaveWikibaseSchemaCommandTest"/>
  <testcase name="testNoSchema" time="0.013" classname="org.openrefine.wikidata.commands.SaveWikibaseSchemaCommandTest"/>
  <testcase name="testInvalidSchema" time="0.341" classname="org.openrefine.wikidata.commands.SaveWikibaseSchemaCommandTest"/>
</testsuite> <!-- org.openrefine.wikidata.commands.SaveWikibaseSchemaCommandTest -->
