<?xml version="1.0" encoding="UTF-8"?>
<!-- Generated by org.testng.reporters.JUnitReportReporter -->
<testsuite hostname="lapapotte" name="org.openrefine.wikidata.schema.WbItemConstantTest" tests="2" failures="0" timestamp="13 Jun 2019 09:00:28 GMT" time="0.024" errors="0">
  <testcase name="testEvaluate" time="0.009" classname="org.openrefine.wikidata.schema.WbItemConstantTest"/>
  <testcase name="testSerialize" time="0.015" classname="org.openrefine.wikidata.schema.WbItemConstantTest"/>
</testsuite> <!-- org.openrefine.wikidata.schema.WbItemConstantTest -->
