<?xml version="1.0" encoding="UTF-8"?>
<!-- Generated by org.testng.reporters.JUnitReportReporter -->
<testsuite hostname="lapapotte" name="org.openrefine.wikidata.schema.WikibaseSchemaTest" tests="5" failures="0" timestamp="13 Jun 2019 09:00:28 GMT" time="0.072" errors="0">
  <testcase name="testDeserializeEmpty" time="0.006" classname="org.openrefine.wikidata.schema.WikibaseSchemaTest"/>
  <testcase name="testDeserialize" time="0.018" classname="org.openrefine.wikidata.schema.WikibaseSchemaTest"/>
  <testcase name="testSerialize" time="0.013" classname="org.openrefine.wikidata.schema.WikibaseSchemaTest"/>
  <testcase name="testEvaluate" time="0.010" classname="org.openrefine.wikidata.schema.WikibaseSchemaTest"/>
  <testcase name="testEvaluateRespectsFacets" time="0.025" classname="org.openrefine.wikidata.schema.WikibaseSchemaTest"/>
</testsuite> <!-- org.openrefine.wikidata.schema.WikibaseSchemaTest -->
