<?xml version="1.0" encoding="UTF-8"?>
<!-- Generated by org.testng.reporters.JUnitReportReporter -->
<testsuite hostname="lapapotte" name="org.openrefine.wikidata.exporters.QuickStatementsExporterTest" tests="7" failures="0" timestamp="13 Jun 2019 09:00:28 GMT" time="0.041" errors="0">
  <testcase name="testDeleteStatement" time="0.003" classname="org.openrefine.wikidata.exporters.QuickStatementsExporterTest"/>
  <testcase name="testImpossibleScheduling" time="0.003" classname="org.openrefine.wikidata.exporters.QuickStatementsExporterTest"/>
  <testcase name="testQualifier" time="0.006" classname="org.openrefine.wikidata.exporters.QuickStatementsExporterTest"/>
  <testcase name="testNameDesc" time="0.003" classname="org.openrefine.wikidata.exporters.QuickStatementsExporterTest"/>
  <testcase name="testNoSchema" time="0.008" classname="org.openrefine.wikidata.exporters.QuickStatementsExporterTest"/>
  <testcase name="testSimpleProject" time="0.017" classname="org.openrefine.wikidata.exporters.QuickStatementsExporterTest"/>
  <testcase name="testGetContentType" time="0.001" classname="org.openrefine.wikidata.exporters.QuickStatementsExporterTest"/>
</testsuite> <!-- org.openrefine.wikidata.exporters.QuickStatementsExporterTest -->
