<?xml version="1.0" encoding="UTF-8"?>
<!-- Generated by org.testng.reporters.JUnitReportReporter -->
<testsuite hostname="lapapotte" name="org.openrefine.wikidata.qa.scrutinizers.QuantityScrutinizerTest" tests="11" failures="0" timestamp="13 Jun 2019 09:00:28 GMT" time="0.061" errors="0">
  <testcase name="testNoUnit" time="0.002" classname="org.openrefine.wikidata.qa.scrutinizers.QuantityScrutinizerTest"/>
  <testcase name="testBoundsDisallowed" time="0.003" classname="org.openrefine.wikidata.qa.scrutinizers.QuantityScrutinizerTest"/>
  <testcase name="testInteger" time="0.002" classname="org.openrefine.wikidata.qa.scrutinizers.QuantityScrutinizerTest"/>
  <testcase name="testUnitReqired" time="0.004" classname="org.openrefine.wikidata.qa.scrutinizers.QuantityScrutinizerTest"/>
  <testcase name="testFractionalAllowed" time="0.003" classname="org.openrefine.wikidata.qa.scrutinizers.QuantityScrutinizerTest"/>
  <testcase name="testBoundsAllowed" time="0.035" classname="org.openrefine.wikidata.qa.scrutinizers.QuantityScrutinizerTest"/>
  <testcase name="testUnitForbidden" time="0.003" classname="org.openrefine.wikidata.qa.scrutinizers.QuantityScrutinizerTest"/>
  <testcase name="testWrongUnit" time="0.002" classname="org.openrefine.wikidata.qa.scrutinizers.QuantityScrutinizerTest"/>
  <testcase name="testTrailingZeros" time="0.002" classname="org.openrefine.wikidata.qa.scrutinizers.QuantityScrutinizerTest"/>
  <testcase name="testGoodUnit" time="0.003" classname="org.openrefine.wikidata.qa.scrutinizers.QuantityScrutinizerTest"/>
  <testcase name="testFractionalDisallowed" time="0.002" classname="org.openrefine.wikidata.qa.scrutinizers.QuantityScrutinizerTest"/>
</testsuite> <!-- org.openrefine.wikidata.qa.scrutinizers.QuantityScrutinizerTest -->
