<?xml version="1.0" encoding="UTF-8"?>
<!-- Generated by org.testng.reporters.JUnitReportReporter -->
<testsuite hostname="lapapotte" name="org.openrefine.wikidata.schema.WbLanguageVariableTest" tests="3" failures="0" timestamp="13 Jun 2019 09:00:28 GMT" time="0.013" errors="0">
  <testcase name="testInvalidLanguageCode" time="0.005" classname="org.openrefine.wikidata.schema.WbLanguageVariableTest"/>
  <testcase name="testValidLanguageCode" time="0.002" classname="org.openrefine.wikidata.schema.WbLanguageVariableTest"/>
  <testcase name="testSerialize" time="0.006" classname="org.openrefine.wikidata.schema.WbLanguageVariableTest"/>
</testsuite> <!-- org.openrefine.wikidata.schema.WbLanguageVariableTest -->
