<?xml version="1.0" encoding="UTF-8"?>
<!-- Generated by org.testng.reporters.JUnitReportReporter -->
<testsuite hostname="lapapotte" name="org.openrefine.wikidata.updates.ItemUpdateTest" tests="1" failures="1" timestamp="14 Jun 2019 14:18:05 GMT" time="0.643" errors="0">
  <testcase name="testSerializeStatements" time="0.643" classname="org.openrefine.wikidata.updates.ItemUpdateTest">
    <failure type="java.lang.AssertionError" message="expected:&lt;{&quot;addedAliases&quot;:[],&quot;addedStatementGroups&quot;:[{&quot;property&quot;:{&quot;type&quot;:&quot;wikibase-entityid&quot;,&quot;value&quot;:{&quot;entity-type&quot;:&quot;property&quot;,&quot;id&quot;:&quot;P348&quot;,&quot;numeric-id&quot;:348}},&quot;statements&quot;:[{&quot;mainsnak&quot;:{&quot;property&quot;:&quot;P348&quot;,&quot;snaktype&quot;:&quot;novalue&quot;},&quot;rank&quot;:&quot;normal&quot;,&quot;type&quot;:&quot;statement&quot;}],&quot;subject&quot;:{&quot;type&quot;:&quot;wikibase-entityid&quot;,&quot;value&quot;:{&quot;entity-type&quot;:&quot;item&quot;,&quot;id&quot;:&quot;Q34&quot;,&quot;numeric-id&quot;:34}}},{&quot;property&quot;:{&quot;type&quot;:&quot;wikibase-entityid&quot;,&quot;value&quot;:{&quot;entity-type&quot;:&quot;property&quot;,&quot;id&quot;:&quot;P52&quot;,&quot;numeric-id&quot;:52}},&quot;statements&quot;:[{&quot;mainsnak&quot;:{&quot;datatype&quot;:&quot;wikibase-item&quot;,&quot;datavalue&quot;:{&quot;entityType&quot;:&quot;http://www.wikidata.org/ontology#Item&quot;,&quot;id&quot;:&quot;Q1234&quot;,&quot;iri&quot;:&quot;http://localhost/entity/Q1234&quot;,&quot;label&quot;:&quot;new item&quot;,&quot;reconInternalId&quot;:1234,&quot;siteIri&quot;:&quot;http://localhost/entity/&quot;,&quot;types&quot;:[]},&quot;property&quot;:&quot;P52&quot;,&quot;snaktype&quot;:&quot;value&quot;},&quot;rank&quot;:&quot;normal&quot;,&quot;type&quot;:&quot;statement&quot;}],&quot;subject&quot;:{&quot;type&quot;:&quot;wikibase-entityid&quot;,&quot;value&quot;:{&quot;entity-type&quot;:&quot;item&quot;,&quot;id&quot;:&quot;Q34&quot;,&quot;numeric-id&quot;:34}}}],&quot;addedStatements&quot;:[{&quot;mainsnak&quot;:{&quot;property&quot;:&quot;P348&quot;,&quot;snaktype&quot;:&quot;novalue&quot;},&quot;rank&quot;:&quot;normal&quot;,&quot;type&quot;:&quot;statement&quot;},{&quot;mainsnak&quot;:{&quot;datatype&quot;:&quot;wikibase-item&quot;,&quot;datavalue&quot;:{&quot;entityType&quot;:&quot;http://www.wikidata.org/ontology#Item&quot;,&quot;id&quot;:&quot;Q1234&quot;,&quot;iri&quot;:&quot;http://localhost/entity/Q1234&quot;,&quot;label&quot;:&quot;new item&quot;,&quot;reconInternalId&quot;:1234,&quot;siteIri&quot;:&quot;http://localhost/entity/&quot;,&quot;types&quot;:[]},&quot;property&quot;:&quot;P52&quot;,&quot;snaktype&quot;:&quot;value&quot;},&quot;rank&quot;:&quot;normal&quot;,&quot;type&quot;:&quot;statement&quot;}],&quot;deletedStatements&quot;:[],&quot;descriptions&quot;:[],&quot;labels&quot;:[],&quot;new&quot;:false,&quot;subject&quot;:{&quot;type&quot;:&quot;wikibase-entityid&quot;,&quot;value&quot;:{&quot;entity-type&quot;:&quot;item&quot;,&quot;id&quot;:&quot;Q34&quot;,&quot;numeric-id&quot;:34}}}&gt; but was:&lt;{&quot;subject&quot;:{&quot;value&quot;:{&quot;id&quot;:&quot;Q34&quot;,&quot;numeric-id&quot;:34,&quot;entity-type&quot;:&quot;item&quot;},&quot;type&quot;:&quot;wikibase-entityid&quot;},&quot;deletedStatements&quot;:[],&quot;labels&quot;:[],&quot;descriptions&quot;:[],&quot;addedAliases&quot;:[],&quot;new&quot;:false,&quot;addedStatementGroups&quot;:[{&quot;property&quot;:{&quot;value&quot;:{&quot;id&quot;:&quot;P348&quot;,&quot;numeric-id&quot;:348,&quot;entity-type&quot;:&quot;property&quot;},&quot;type&quot;:&quot;wikibase-entityid&quot;},&quot;statements&quot;:[{&quot;rank&quot;:&quot;normal&quot;,&quot;mainsnak&quot;:{&quot;property&quot;:&quot;P348&quot;,&quot;snaktype&quot;:&quot;novalue&quot;},&quot;type&quot;:&quot;statement&quot;}],&quot;subject&quot;:{&quot;value&quot;:{&quot;id&quot;:&quot;Q34&quot;,&quot;numeric-id&quot;:34,&quot;entity-type&quot;:&quot;item&quot;},&quot;type&quot;:&quot;wikibase-entityid&quot;}},{&quot;property&quot;:{&quot;value&quot;:{&quot;id&quot;:&quot;P52&quot;,&quot;numeric-id&quot;:52,&quot;entity-type&quot;:&quot;property&quot;},&quot;type&quot;:&quot;wikibase-entityid&quot;},&quot;statements&quot;:[{&quot;rank&quot;:&quot;normal&quot;,&quot;value&quot;:{&quot;entityType&quot;:&quot;http://www.wikidata.org/ontology#Item&quot;,&quot;id&quot;:&quot;Q1234&quot;,&quot;siteIri&quot;:&quot;http://localhost/entity/&quot;,&quot;iri&quot;:&quot;http://localhost/entity/Q1234&quot;,&quot;label&quot;:&quot;new item&quot;,&quot;types&quot;:[],&quot;reconInternalId&quot;:1234},&quot;mainsnak&quot;:{&quot;property&quot;:&quot;P52&quot;,&quot;datatype&quot;:&quot;wikibase-item&quot;,&quot;datavalue&quot;:{&quot;entityType&quot;:&quot;http://www.wikidata.org/ontology#Item&quot;,&quot;id&quot;:&quot;Q1234&quot;,&quot;siteIri&quot;:&quot;http://localhost/entity/&quot;,&quot;iri&quot;:&quot;http://localhost/entity/Q1234&quot;,&quot;label&quot;:&quot;new item&quot;,&quot;types&quot;:[],&quot;reconInternalId&quot;:1234},&quot;snaktype&quot;:&quot;value&quot;},&quot;type&quot;:&quot;statement&quot;}],&quot;subject&quot;:{&quot;value&quot;:{&quot;id&quot;:&quot;Q34&quot;,&quot;numeric-id&quot;:34,&quot;entity-type&quot;:&quot;item&quot;},&quot;type&quot;:&quot;wikibase-entityid&quot;}}]}&gt;">
      <![CDATA[java.lang.AssertionError: expected:<{"addedAliases":[],"addedStatementGroups":[{"property":{"type":"wikibase-entityid","value":{"entity-type":"property","id":"P348","numeric-id":348}},"statements":[{"mainsnak":{"property":"P348","snaktype":"novalue"},"rank":"normal","type":"statement"}],"subject":{"type":"wikibase-entityid","value":{"entity-type":"item","id":"Q34","numeric-id":34}}},{"property":{"type":"wikibase-entityid","value":{"entity-type":"property","id":"P52","numeric-id":52}},"statements":[{"mainsnak":{"datatype":"wikibase-item","datavalue":{"entityType":"http://www.wikidata.org/ontology#Item","id":"Q1234","iri":"http://localhost/entity/Q1234","label":"new item","reconInternalId":1234,"siteIri":"http://localhost/entity/","types":[]},"property":"P52","snaktype":"value"},"rank":"normal","type":"statement"}],"subject":{"type":"wikibase-entityid","value":{"entity-type":"item","id":"Q34","numeric-id":34}}}],"addedStatements":[{"mainsnak":{"property":"P348","snaktype":"novalue"},"rank":"normal","type":"statement"},{"mainsnak":{"datatype":"wikibase-item","datavalue":{"entityType":"http://www.wikidata.org/ontology#Item","id":"Q1234","iri":"http://localhost/entity/Q1234","label":"new item","reconInternalId":1234,"siteIri":"http://localhost/entity/","types":[]},"property":"P52","snaktype":"value"},"rank":"normal","type":"statement"}],"deletedStatements":[],"descriptions":[],"labels":[],"new":false,"subject":{"type":"wikibase-entityid","value":{"entity-type":"item","id":"Q34","numeric-id":34}}}> but was:<{"subject":{"value":{"id":"Q34","numeric-id":34,"entity-type":"item"},"type":"wikibase-entityid"},"deletedStatements":[],"labels":[],"descriptions":[],"addedAliases":[],"new":false,"addedStatementGroups":[{"property":{"value":{"id":"P348","numeric-id":348,"entity-type":"property"},"type":"wikibase-entityid"},"statements":[{"rank":"normal","mainsnak":{"property":"P348","snaktype":"novalue"},"type":"statement"}],"subject":{"value":{"id":"Q34","numeric-id":34,"entity-type":"item"},"type":"wikibase-entityid"}},{"property":{"value":{"id":"P52","numeric-id":52,"entity-type":"property"},"type":"wikibase-entityid"},"statements":[{"rank":"normal","value":{"entityType":"http://www.wikidata.org/ontology#Item","id":"Q1234","siteIri":"http://localhost/entity/","iri":"http://localhost/entity/Q1234","label":"new item","types":[],"reconInternalId":1234},"mainsnak":{"property":"P52","datatype":"wikibase-item","datavalue":{"entityType":"http://www.wikidata.org/ontology#Item","id":"Q1234","siteIri":"http://localhost/entity/","iri":"http://localhost/entity/Q1234","label":"new item","types":[],"reconInternalId":1234},"snaktype":"value"},"type":"statement"}],"subject":{"value":{"id":"Q34","numeric-id":34,"entity-type":"item"},"type":"wikibase-entityid"}}]}>
	at org.junit.Assert.fail(Assert.java:88)
	at org.junit.Assert.failNotEquals(Assert.java:834)
	at org.junit.Assert.assertEquals(Assert.java:118)
	at org.junit.Assert.assertEquals(Assert.java:144)
	at com.google.refine.tests.util.TestUtils.assertEqualAsJson(TestUtils.java:82)
	at com.google.refine.tests.util.TestUtils.isSerializedTo(TestUtils.java:117)
	at com.google.refine.tests.util.TestUtils.isSerializedTo(TestUtils.java:128)
	at org.openrefine.wikidata.updates.ItemUpdateTest.testSerializeStatements(ItemUpdateTest.java:121)
	at sun.reflect.NativeMethodAccessorImpl.invoke0(Native Method)
	at sun.reflect.NativeMethodAccessorImpl.invoke(NativeMethodAccessorImpl.java:62)
	at sun.reflect.DelegatingMethodAccessorImpl.invoke(DelegatingMethodAccessorImpl.java:43)
	at java.lang.reflect.Method.invoke(Method.java:498)
	at org.testng.internal.MethodInvocationHelper.invokeMethod(MethodInvocationHelper.java:86)
	at org.testng.internal.Invoker.invokeMethod(Invoker.java:643)
	at org.testng.internal.Invoker.invokeTestMethod(Invoker.java:820)
	at org.testng.internal.Invoker.invokeTestMethods(Invoker.java:1128)
	at org.testng.internal.TestMethodWorker.invokeTestMethods(TestMethodWorker.java:129)
	at org.testng.internal.TestMethodWorker.run(TestMethodWorker.java:112)
	at org.testng.TestRunner.privateRun(TestRunner.java:782)
	at org.testng.TestRunner.run(TestRunner.java:632)
	at org.testng.SuiteRunner.runTest(SuiteRunner.java:366)
	at org.testng.SuiteRunner.runSequentially(SuiteRunner.java:361)
	at org.testng.SuiteRunner.privateRun(SuiteRunner.java:319)
	at org.testng.SuiteRunner.run(SuiteRunner.java:268)
	at org.testng.SuiteRunnerWorker.runSuite(SuiteRunnerWorker.java:52)
	at org.testng.SuiteRunnerWorker.run(SuiteRunnerWorker.java:86)
	at org.testng.TestNG.runSuitesSequentially(TestNG.java:1244)
	at org.testng.TestNG.runSuitesLocally(TestNG.java:1169)
	at org.testng.TestNG.run(TestNG.java:1064)
	at org.testng.remote.AbstractRemoteTestNG.run(AbstractRemoteTestNG.java:114)
	at org.testng.remote.RemoteTestNG.initAndRun(RemoteTestNG.java:251)
	at org.testng.remote.RemoteTestNG.main(RemoteTestNG.java:77)
]]>
    </failure>
  </testcase> <!-- testSerializeStatements -->
</testsuite> <!-- org.openrefine.wikidata.updates.ItemUpdateTest -->
