<?xml version="1.0" encoding="UTF-8"?>
<!-- Generated by org.testng.reporters.JUnitReportReporter -->
<testsuite hostname="lapapotte" name="org.openrefine.wikidata.schema.WbPropConstantTest" tests="2" failures="0" timestamp="13 Jun 2019 09:00:28 GMT" time="1.484" errors="0">
  <testcase name="testSerialize" time="0.063" classname="org.openrefine.wikidata.schema.WbPropConstantTest"/>
  <testcase name="testEvaluate" time="1.421" classname="org.openrefine.wikidata.schema.WbPropConstantTest"/>
</testsuite> <!-- org.openrefine.wikidata.schema.WbPropConstantTest -->
