<?xml version="1.0" encoding="UTF-8"?>
<!-- Generated by org.testng.reporters.JUnitReportReporter -->
<testsuite hostname="lapapotte" name="org.openrefine.wikidata.qa.scrutinizers.RestrictedPositionScrutinizerTest" tests="4" failures="0" timestamp="13 Jun 2019 09:00:28 GMT" time="0.005" errors="0">
  <testcase name="testNoProblem" time="0.002" classname="org.openrefine.wikidata.qa.scrutinizers.RestrictedPositionScrutinizerTest"/>
  <testcase name="testNotRestricted" time="0.001" classname="org.openrefine.wikidata.qa.scrutinizers.RestrictedPositionScrutinizerTest"/>
  <testcase name="testTriggerMainSnak" time="0.000" classname="org.openrefine.wikidata.qa.scrutinizers.RestrictedPositionScrutinizerTest"/>
  <testcase name="testTriggerReference" time="0.002" classname="org.openrefine.wikidata.qa.scrutinizers.RestrictedPositionScrutinizerTest"/>
</testsuite> <!-- org.openrefine.wikidata.qa.scrutinizers.RestrictedPositionScrutinizerTest -->
