<?xml version="1.0" encoding="UTF-8"?>
<!-- Generated by org.testng.reporters.JUnitReportReporter -->
<testsuite hostname="lapapotte" name="org.openrefine.wikidata.editing.ReconEntityRewriterTest" tests="5" failures="0" timestamp="13 Jun 2019 09:00:28 GMT" time="0.012" errors="0">
  <testcase name="testSubjectNotRewriten" time="0.000" classname="org.openrefine.wikidata.editing.ReconEntityRewriterTest"/>
  <testcase name="testRewriteUpdate" time="0.004" classname="org.openrefine.wikidata.editing.ReconEntityRewriterTest"/>
  <testcase name="testMatched" time="0.005" classname="org.openrefine.wikidata.editing.ReconEntityRewriterTest"/>
  <testcase name="testSuccessfulRewrite" time="0.001" classname="org.openrefine.wikidata.editing.ReconEntityRewriterTest"/>
  <testcase name="testNotCreatedYet" time="0.002" classname="org.openrefine.wikidata.editing.ReconEntityRewriterTest"/>
</testsuite> <!-- org.openrefine.wikidata.editing.ReconEntityRewriterTest -->
