<?xml version="1.0" encoding="UTF-8"?>
<!-- Generated by org.testng.reporters.JUnitReportReporter -->
<testsuite hostname="lapapotte" name="org.openrefine.wikidata.schema.WbLocationVariableTest" tests="6" failures="0" timestamp="13 Jun 2019 09:00:28 GMT" time="0.051" errors="0">
  <testcase name="testWhitespace" time="0.009" classname="org.openrefine.wikidata.schema.WbLocationVariableTest"/>
  <testcase name="testWithSlash" time="0.009" classname="org.openrefine.wikidata.schema.WbLocationVariableTest"/>
  <testcase name="testWithComma" time="0.011" classname="org.openrefine.wikidata.schema.WbLocationVariableTest"/>
  <testcase name="testOnlyOneValue" time="0.008" classname="org.openrefine.wikidata.schema.WbLocationVariableTest"/>
  <testcase name="testSerialize" time="0.007" classname="org.openrefine.wikidata.schema.WbLocationVariableTest"/>
  <testcase name="testEmpty" time="0.007" classname="org.openrefine.wikidata.schema.WbLocationVariableTest"/>
</testsuite> <!-- org.openrefine.wikidata.schema.WbLocationVariableTest -->
