<?xml version="1.0" encoding="UTF-8"?>
<!-- Generated by org.testng.reporters.JUnitReportReporter -->
<testsuite hostname="lapapotte" name="org.openrefine.wikidata.qa.scrutinizers.UnsourcedScrutinizerTest" tests="1" failures="0" timestamp="13 Jun 2019 09:00:28 GMT" time="0.002" errors="0">
  <testcase name="testTrigger" time="0.002" classname="org.openrefine.wikidata.qa.scrutinizers.UnsourcedScrutinizerTest"/>
</testsuite> <!-- org.openrefine.wikidata.qa.scrutinizers.UnsourcedScrutinizerTest -->
