<?xml version="1.0" encoding="UTF-8"?>
<!-- Generated by org.testng.reporters.JUnitReportReporter -->
<testsuite hostname="lapapotte" name="org.openrefine.wikidata.commands.LoginCommandTest" tests="1" failures="0" timestamp="13 Jun 2019 09:00:28 GMT" time="0.008" errors="0">
  <testcase name="testNoCredentials" time="0.008" classname="org.openrefine.wikidata.commands.LoginCommandTest"/>
</testsuite> <!-- org.openrefine.wikidata.commands.LoginCommandTest -->
