<?xml version="1.0" encoding="UTF-8"?>
<!-- Generated by org.testng.reporters.JUnitReportReporter -->
<testsuite hostname="lapapotte" name="org.openrefine.wikidata.schema.WbNameDescExprTest" tests="6" failures="0" timestamp="13 Jun 2019 09:00:28 GMT" time="0.098" errors="0">
  <testcase name="testContributeToAlias" time="0.015" classname="org.openrefine.wikidata.schema.WbNameDescExprTest"/>
  <testcase name="testGetters" time="0.006" classname="org.openrefine.wikidata.schema.WbNameDescExprTest"/>
  <testcase name="testSerialization" time="0.054" classname="org.openrefine.wikidata.schema.WbNameDescExprTest"/>
  <testcase name="testSkipped" time="0.005" classname="org.openrefine.wikidata.schema.WbNameDescExprTest"/>
  <testcase name="testContributeToDescription" time="0.009" classname="org.openrefine.wikidata.schema.WbNameDescExprTest"/>
  <testcase name="testContributeToLabel" time="0.009" classname="org.openrefine.wikidata.schema.WbNameDescExprTest"/>
</testsuite> <!-- org.openrefine.wikidata.schema.WbNameDescExprTest -->
