<?xml version="1.0" encoding="UTF-8"?>
<!-- Generated by org.testng.reporters.JUnitReportReporter -->
<testsuite hostname="lapapotte" name="org.openrefine.wikidata.qa.scrutinizers.NewItemScrutinizerTest" tests="4" failures="0" timestamp="13 Jun 2019 09:00:28 GMT" time="0.006" errors="0">
  <testcase name="testTrigger" time="0.002" classname="org.openrefine.wikidata.qa.scrutinizers.NewItemScrutinizerTest"/>
  <testcase name="testGoodNewItem" time="0.001" classname="org.openrefine.wikidata.qa.scrutinizers.NewItemScrutinizerTest"/>
  <testcase name="testEmptyItem" time="0.001" classname="org.openrefine.wikidata.qa.scrutinizers.NewItemScrutinizerTest"/>
  <testcase name="testDeletedStatements" time="0.002" classname="org.openrefine.wikidata.qa.scrutinizers.NewItemScrutinizerTest"/>
</testsuite> <!-- org.openrefine.wikidata.qa.scrutinizers.NewItemScrutinizerTest -->
