<?xml version="1.0" encoding="UTF-8"?>
<!-- Generated by org.testng.reporters.JUnitReportReporter -->
<testsuite hostname="lapapotte" name="org.openrefine.phonetic.keyers.DaitchMokotoffKeyerTest" tests="3" failures="0" timestamp="31 Dec 2018 13:20:37 GMT" time="0.025" errors="0">
  <testcase name="testAccents" time="0.019" classname="org.openrefine.phonetic.keyers.DaitchMokotoffKeyerTest"/>
  <testcase name="testEmpty" time="0.003" classname="org.openrefine.phonetic.keyers.DaitchMokotoffKeyerTest"/>
  <testcase name="testDaitchMokotoff" time="0.003" classname="org.openrefine.phonetic.keyers.DaitchMokotoffKeyerTest"/>
</testsuite> <!-- org.openrefine.phonetic.keyers.DaitchMokotoffKeyerTest -->
