<?xml version="1.0" encoding="UTF-8"?>
<!-- Generated by org.testng.reporters.JUnitReportReporter -->
<testsuite hostname="lapapotte" name="org.openrefine.wikidata.qa.QAWarningStoreTest" tests="3" failures="0" timestamp="13 Jun 2019 09:00:28 GMT" time="0.005" errors="0">
  <testcase name="testMaxSeverity" time="0.001" classname="org.openrefine.wikidata.qa.QAWarningStoreTest"/>
  <testcase name="testSerialize" time="0.003" classname="org.openrefine.wikidata.qa.QAWarningStoreTest"/>
  <testcase name="testCount" time="0.001" classname="org.openrefine.wikidata.qa.QAWarningStoreTest"/>
</testsuite> <!-- org.openrefine.wikidata.qa.QAWarningStoreTest -->
