<?xml version="1.0" encoding="UTF-8"?>
<!-- Generated by org.testng.reporters.JUnitReportReporter -->
<testsuite hostname="lapapotte" name="org.openrefine.wikidata.qa.scrutinizers.InverseConstaintScrutinizerTest" tests="3" failures="0" timestamp="13 Jun 2019 09:00:28 GMT" time="0.004" errors="0">
  <testcase name="testTrigger" time="0.001" classname="org.openrefine.wikidata.qa.scrutinizers.InverseConstaintScrutinizerTest"/>
  <testcase name="testNoSymmetricClosure" time="0.001" classname="org.openrefine.wikidata.qa.scrutinizers.InverseConstaintScrutinizerTest"/>
  <testcase name="testSymmetric" time="0.002" classname="org.openrefine.wikidata.qa.scrutinizers.InverseConstaintScrutinizerTest"/>
</testsuite> <!-- org.openrefine.wikidata.qa.scrutinizers.InverseConstaintScrutinizerTest -->
