<?xml version="1.0" encoding="UTF-8"?>
<!-- Generated by org.testng.reporters.JUnitReportReporter -->
<testsuite hostname="lapapotte" name="org.openrefine.wikidata.commands.PreviewWikibaseSchemaCommandTest" tests="3" failures="0" timestamp="13 Jun 2019 09:00:28 GMT" time="0.886" errors="0">
  <testcase name="testNoSchema" time="0.020" classname="org.openrefine.wikidata.commands.PreviewWikibaseSchemaCommandTest"/>
  <testcase name="testValidSchema" time="0.856" classname="org.openrefine.wikidata.commands.PreviewWikibaseSchemaCommandTest"/>
  <testcase name="testInvalidSchema" time="0.010" classname="org.openrefine.wikidata.commands.PreviewWikibaseSchemaCommandTest"/>
</testsuite> <!-- org.openrefine.wikidata.commands.PreviewWikibaseSchemaCommandTest -->
