<?xml version="1.0" encoding="UTF-8"?>
<!-- Generated by org.testng.reporters.JUnitReportReporter -->
<testsuite hostname="lapapotte" name="org.openrefine.wikidata.schema.WbQuantityExprTest" tests="6" failures="0" timestamp="13 Jun 2019 09:00:28 GMT" time="0.032" errors="0">
  <testcase name="testWithoutUnit" time="0.005" classname="org.openrefine.wikidata.schema.WbQuantityExprTest"/>
  <testcase name="testInvalidAmountWithUnit" time="0.007" classname="org.openrefine.wikidata.schema.WbQuantityExprTest"/>
  <testcase name="testInvalidUnitWithAmount" time="0.005" classname="org.openrefine.wikidata.schema.WbQuantityExprTest"/>
  <testcase name="testExponent" time="0.005" classname="org.openrefine.wikidata.schema.WbQuantityExprTest"/>
  <testcase name="testInvalidAmountWithoutUnit" time="0.006" classname="org.openrefine.wikidata.schema.WbQuantityExprTest"/>
  <testcase name="testWithUnit" time="0.004" classname="org.openrefine.wikidata.schema.WbQuantityExprTest"/>
</testsuite> <!-- org.openrefine.wikidata.schema.WbQuantityExprTest -->
