<?xml version="1.0" encoding="UTF-8"?>
<!-- Generated by org.testng.reporters.JUnitReportReporter -->
<testsuite hostname="lapapotte" name="org.openrefine.wikidata.editing.EditBatchProcessorTest" tests="2" failures="0" timestamp="13 Jun 2019 09:00:28 GMT" time="0.271" errors="0">
  <testcase name="testMultipleBatches" time="0.087" classname="org.openrefine.wikidata.editing.EditBatchProcessorTest"/>
  <testcase name="testNewItem" time="0.184" classname="org.openrefine.wikidata.editing.EditBatchProcessorTest"/>
</testsuite> <!-- org.openrefine.wikidata.editing.EditBatchProcessorTest -->
