<?xml version="1.0" encoding="UTF-8"?>
<!-- Generated by org.testng.reporters.JUnitReportReporter -->
<testsuite hostname="lapapotte" name="org.openrefine.wikidata.qa.scrutinizers.FormatScrutinizerTest" tests="3" failures="0" timestamp="13 Jun 2019 09:00:28 GMT" time="0.005" errors="0">
  <testcase name="testTrigger" time="0.002" classname="org.openrefine.wikidata.qa.scrutinizers.FormatScrutinizerTest"/>
  <testcase name="testNoIssue" time="0.001" classname="org.openrefine.wikidata.qa.scrutinizers.FormatScrutinizerTest"/>
  <testcase name="testIncompleteMatch" time="0.002" classname="org.openrefine.wikidata.qa.scrutinizers.FormatScrutinizerTest"/>
</testsuite> <!-- org.openrefine.wikidata.qa.scrutinizers.FormatScrutinizerTest -->
