<?xml version="1.0" encoding="UTF-8"?>
<!-- Generated by org.testng.reporters.JUnitReportReporter -->
<testsuite hostname="lapapotte" name="org.openrefine.wikidata.editing.NewItemLibraryTest" tests="3" failures="0" timestamp="13 Jun 2019 09:00:28 GMT" time="0.022" errors="0">
  <testcase name="testSerialize" time="0.007" classname="org.openrefine.wikidata.editing.NewItemLibraryTest"/>
  <testcase name="testRetrieveItem" time="0.002" classname="org.openrefine.wikidata.editing.NewItemLibraryTest"/>
  <testcase name="testUpdateReconciledCells" time="0.013" classname="org.openrefine.wikidata.editing.NewItemLibraryTest"/>
</testsuite> <!-- org.openrefine.wikidata.editing.NewItemLibraryTest -->
