<?xml version="1.0" encoding="UTF-8"?>
<!-- Generated by org.testng.reporters.JUnitReportReporter -->
<testsuite hostname="lapapotte" name="org.openrefine.wikidata.qa.QAWarningTest" tests="3" failures="0" timestamp="13 Jun 2019 09:00:28 GMT" time="0.014" errors="0">
  <testcase name="testAggregate" time="0.001" classname="org.openrefine.wikidata.qa.QAWarningTest"/>
  <testcase name="testCompare" time="0.001" classname="org.openrefine.wikidata.qa.QAWarningTest"/>
  <testcase name="testSerialize" time="0.012" classname="org.openrefine.wikidata.qa.QAWarningTest"/>
</testsuite> <!-- org.openrefine.wikidata.qa.QAWarningTest -->
