<?xml version="1.0" encoding="UTF-8"?>
<!-- Generated by org.testng.reporters.JUnitReportReporter -->
<testsuite hostname="lapapotte" name="org.openrefine.wikidata.schema.WbItemVariableTest" tests="6" failures="0" timestamp="13 Jun 2019 09:00:28 GMT" time="0.078" errors="0">
  <testcase name="testNewItemCell" time="0.011" classname="org.openrefine.wikidata.schema.WbItemVariableTest"/>
  <testcase name="testUnreconciledCell" time="0.010" classname="org.openrefine.wikidata.schema.WbItemVariableTest"/>
  <testcase name="testInvalidSpace" time="0.010" classname="org.openrefine.wikidata.schema.WbItemVariableTest"/>
  <testcase name="testReconciledCell" time="0.017" classname="org.openrefine.wikidata.schema.WbItemVariableTest"/>
  <testcase name="testSerialize" time="0.016" classname="org.openrefine.wikidata.schema.WbItemVariableTest"/>
  <testcase name="testUnmatchedCell" time="0.014" classname="org.openrefine.wikidata.schema.WbItemVariableTest"/>
</testsuite> <!-- org.openrefine.wikidata.schema.WbItemVariableTest -->
