<?xml version="1.0" encoding="UTF-8"?>
<!-- Generated by org.testng.reporters.JUnitReportReporter -->
<testsuite hostname="lapapotte" name="org.openrefine.wikidata.operations.SaveWikibaseSchemaOperationTest" tests="2" failures="0" timestamp="13 Jun 2019 09:00:28 GMT" time="0.142" errors="0">
  <testcase name="testReconstruct" time="0.123" classname="org.openrefine.wikidata.operations.SaveWikibaseSchemaOperationTest"/>
  <testcase name="testLoadChange" time="0.019" classname="org.openrefine.wikidata.operations.SaveWikibaseSchemaOperationTest"/>
</testsuite> <!-- org.openrefine.wikidata.operations.SaveWikibaseSchemaOperationTest -->
