<?xml version="1.0" encoding="UTF-8"?>
<!-- Generated by org.testng.reporters.JUnitReportReporter -->
<testsuite hostname="lapapotte" name="org.openrefine.wikidata.schema.WbDateVariableTest" tests="6" failures="0" timestamp="13 Jun 2019 09:00:28 GMT" time="0.045" errors="0">
  <testcase name="testWhitespace" time="0.006" classname="org.openrefine.wikidata.schema.WbDateVariableTest"/>
  <testcase name="testSkipped" time="0.008" classname="org.openrefine.wikidata.schema.WbDateVariableTest"/>
  <testcase name="testSerialize" time="0.006" classname="org.openrefine.wikidata.schema.WbDateVariableTest"/>
  <testcase name="testNumber" time="0.010" classname="org.openrefine.wikidata.schema.WbDateVariableTest"/>
  <testcase name="testValidFormat" time="0.008" classname="org.openrefine.wikidata.schema.WbDateVariableTest"/>
  <testcase name="testMinutesISO" time="0.007" classname="org.openrefine.wikidata.schema.WbDateVariableTest"/>
</testsuite> <!-- org.openrefine.wikidata.schema.WbDateVariableTest -->
