<?xml version="1.0" encoding="UTF-8"?>
<!-- Generated by org.testng.reporters.JUnitReportReporter -->
<testsuite hostname="lapapotte" name="org.openrefine.wikidata.schema.WbSnakExprTest" tests="2" failures="0" timestamp="13 Jun 2019 09:00:28 GMT" time="0.011" errors="0">
  <testcase name="testSerialize" time="0.007" classname="org.openrefine.wikidata.schema.WbSnakExprTest"/>
  <testcase name="testEvaluate" time="0.004" classname="org.openrefine.wikidata.schema.WbSnakExprTest"/>
</testsuite> <!-- org.openrefine.wikidata.schema.WbSnakExprTest -->
