<?xml version="1.0" encoding="UTF-8"?>
<!-- Generated by org.testng.reporters.JUnitReportReporter -->
<testsuite hostname="lapapotte" name="org.openrefine.wikidata.qa.scrutinizers.RestrictedValuesScrutinizerTest" tests="5" failures="0" timestamp="13 Jun 2019 09:00:28 GMT" time="0.009" errors="0">
  <testcase name="testNoConstraint" time="0.001" classname="org.openrefine.wikidata.qa.scrutinizers.RestrictedValuesScrutinizerTest"/>
  <testcase name="testAllowedValueFailing" time="0.001" classname="org.openrefine.wikidata.qa.scrutinizers.RestrictedValuesScrutinizerTest"/>
  <testcase name="testDisallowedValueFailing" time="0.005" classname="org.openrefine.wikidata.qa.scrutinizers.RestrictedValuesScrutinizerTest"/>
  <testcase name="testDisallowedValue" time="0.001" classname="org.openrefine.wikidata.qa.scrutinizers.RestrictedValuesScrutinizerTest"/>
  <testcase name="testAllowedValue" time="0.001" classname="org.openrefine.wikidata.qa.scrutinizers.RestrictedValuesScrutinizerTest"/>
</testsuite> <!-- org.openrefine.wikidata.qa.scrutinizers.RestrictedValuesScrutinizerTest -->
