<?xml version="1.0" encoding="UTF-8"?>
<!-- Generated by org.testng.reporters.JUnitReportReporter -->
<testsuite hostname="lapapotte" name="org.openrefine.wikidata.updates.scheduler.WikibaseAPIUpdateSchedulerTest" tests="7" failures="0" timestamp="13 Jun 2019 09:00:28 GMT" time="0.008" errors="0">
  <testcase name="testUpdateIsNotSplit" time="0.001" classname="org.openrefine.wikidata.updates.scheduler.WikibaseAPIUpdateSchedulerTest"/>
  <testcase name="testMergeNew" time="0.001" classname="org.openrefine.wikidata.updates.scheduler.WikibaseAPIUpdateSchedulerTest"/>
  <testcase name="testOrderPreserved" time="0.001" classname="org.openrefine.wikidata.updates.scheduler.WikibaseAPIUpdateSchedulerTest"/>
  <testcase name="testMerge" time="0.002" classname="org.openrefine.wikidata.updates.scheduler.WikibaseAPIUpdateSchedulerTest"/>
  <testcase name="testNewItemNotMentioned" time="0.001" classname="org.openrefine.wikidata.updates.scheduler.WikibaseAPIUpdateSchedulerTest"/>
  <testcase name="testMixedUpdate" time="0.001" classname="org.openrefine.wikidata.updates.scheduler.WikibaseAPIUpdateSchedulerTest"/>
  <testcase name="testNewItemMentioned" time="0.001" classname="org.openrefine.wikidata.updates.scheduler.WikibaseAPIUpdateSchedulerTest"/>
</testsuite> <!-- org.openrefine.wikidata.updates.scheduler.WikibaseAPIUpdateSchedulerTest -->
