<?xml version="1.0" encoding="UTF-8"?>
<!-- Generated by org.testng.reporters.JUnitReportReporter -->
<testsuite hostname="lapapotte" name="org.openrefine.wikidata.schema.WbLocationConstantTest" tests="7" failures="0" timestamp="13 Jun 2019 09:00:28 GMT" time="0.051" errors="0">
  <testcase name="testSerialization" time="0.012" classname="org.openrefine.wikidata.schema.WbLocationConstantTest"/>
  <testcase name="constructNotNumber" time="0.005" classname="org.openrefine.wikidata.schema.WbLocationConstantTest"/>
  <testcase name="constructInvalid" time="0.005" classname="org.openrefine.wikidata.schema.WbLocationConstantTest"/>
  <testcase name="constructtooManyParts" time="0.008" classname="org.openrefine.wikidata.schema.WbLocationConstantTest"/>
  <testcase name="testParseInvalid" time="0.007" classname="org.openrefine.wikidata.schema.WbLocationConstantTest"/>
  <testcase name="testEvaluateWithPrecision" time="0.008" classname="org.openrefine.wikidata.schema.WbLocationConstantTest"/>
  <testcase name="testEvaluate" time="0.006" classname="org.openrefine.wikidata.schema.WbLocationConstantTest"/>
</testsuite> <!-- org.openrefine.wikidata.schema.WbLocationConstantTest -->
