<?xml version="1.0" encoding="UTF-8"?>
<!-- Generated by org.testng.reporters.JUnitReportReporter -->
<testsuite hostname="lapapotte" name="org.openrefine.wikidata.operations.PerformWikibaseEditsOperationTest" tests="3" failures="0" timestamp="13 Jun 2019 09:00:28 GMT" time="0.034" errors="0">
  <testcase name="testReconstruct" time="0.016" classname="org.openrefine.wikidata.operations.PerformWikibaseEditsOperationTest"/>
  <testcase name="testLoadChange" time="0.013" classname="org.openrefine.wikidata.operations.PerformWikibaseEditsOperationTest"/>
  <testcase name="testConstructor" time="0.005" classname="org.openrefine.wikidata.operations.PerformWikibaseEditsOperationTest"/>
</testsuite> <!-- org.openrefine.wikidata.operations.PerformWikibaseEditsOperationTest -->
