<?xml version="1.0" encoding="UTF-8"?>
<!-- Generated by org.testng.reporters.JUnitReportReporter -->
<testsuite hostname="lapapotte" name="org.openrefine.wikidata.qa.scrutinizers.QualifierCompatibilityScrutinizerTest" tests="3" failures="0" timestamp="13 Jun 2019 09:00:28 GMT" time="0.007" errors="0">
  <testcase name="testGoodEdit" time="0.002" classname="org.openrefine.wikidata.qa.scrutinizers.QualifierCompatibilityScrutinizerTest"/>
  <testcase name="testMissingQualifier" time="0.002" classname="org.openrefine.wikidata.qa.scrutinizers.QualifierCompatibilityScrutinizerTest"/>
  <testcase name="testDisallowedQualifier" time="0.003" classname="org.openrefine.wikidata.qa.scrutinizers.QualifierCompatibilityScrutinizerTest"/>
</testsuite> <!-- org.openrefine.wikidata.qa.scrutinizers.QualifierCompatibilityScrutinizerTest -->
