<?xml version="1.0" encoding="UTF-8"?>
<!-- Generated by org.testng.reporters.JUnitReportReporter -->
<testsuite hostname="lapapotte" name="org.openrefine.phonetic.keyers.BeiderMorseKeyerTest" tests="3" failures="0" timestamp="31 Dec 2018 13:19:50 GMT" time="0.338" errors="0">
  <testcase name="testAccents" time="0.322" classname="org.openrefine.phonetic.keyers.BeiderMorseKeyerTest"/>
  <testcase name="testKey" time="0.013" classname="org.openrefine.phonetic.keyers.BeiderMorseKeyerTest"/>
  <testcase name="testEmpty" time="0.003" classname="org.openrefine.phonetic.keyers.BeiderMorseKeyerTest"/>
</testsuite> <!-- org.openrefine.phonetic.keyers.BeiderMorseKeyerTest -->
